2018-03-20 13:14:01,449 DEBUG [Forwarding newSession on session null to remote] RequestAddCookies:123 - CookieSpec selected: default
2018-03-20 13:14:01,469 DEBUG [Forwarding newSession on session null to remote] RequestAuthCache:77 - Auth cache not set in the context
2018-03-20 13:14:01,473 DEBUG [Forwarding newSession on session null to remote] PoolingHttpClientConnectionManager:255 - Connection request: [route: {}->http://localhost:13874][total kept alive: 0; route allocated: 0 of 2000; total allocated: 0 of 2000]
2018-03-20 13:14:01,494 DEBUG [Forwarding newSession on session null to remote] PoolingHttpClientConnectionManager:288 - Connection leased: [id: 0][route: {}->http://localhost:13874][total kept alive: 0; route allocated: 1 of 2000; total allocated: 1 of 2000]
2018-03-20 13:14:01,497 DEBUG [Forwarding newSession on session null to remote] MainClientExec:235 - Opening connection {}->http://localhost:13874
2018-03-20 13:14:01,499 DEBUG [Forwarding newSession on session null to remote] DefaultHttpClientConnectionOperator:139 - Connecting to localhost/127.0.0.1:13874
2018-03-20 13:14:01,501 DEBUG [Forwarding newSession on session null to remote] DefaultHttpClientConnectionOperator:146 - Connection established 127.0.0.1:62373<->127.0.0.1:13874
2018-03-20 13:14:01,501 DEBUG [Forwarding newSession on session null to remote] DefaultManagedHttpClientConnection:88 - http-outgoing-0: set socket timeout to 10800000
2018-03-20 13:14:01,502 DEBUG [Forwarding newSession on session null to remote] MainClientExec:256 - Executing request POST /session HTTP/1.1
2018-03-20 13:14:01,502 DEBUG [Forwarding newSession on session null to remote] MainClientExec:261 - Target auth state: UNCHALLENGED
2018-03-20 13:14:01,503 DEBUG [Forwarding newSession on session null to remote] MainClientExec:267 - Proxy auth state: UNCHALLENGED
2018-03-20 13:14:01,506 DEBUG [Forwarding newSession on session null to remote] headers:133 - http-outgoing-0 >> POST /session HTTP/1.1
2018-03-20 13:14:01,506 DEBUG [Forwarding newSession on session null to remote] headers:136 - http-outgoing-0 >> Content-Type: application/json; charset=utf-8
2018-03-20 13:14:01,507 DEBUG [Forwarding newSession on session null to remote] headers:136 - http-outgoing-0 >> Content-Length: 335
2018-03-20 13:14:01,507 DEBUG [Forwarding newSession on session null to remote] headers:136 - http-outgoing-0 >> Host: localhost:13874
2018-03-20 13:14:01,508 DEBUG [Forwarding newSession on session null to remote] headers:136 - http-outgoing-0 >> Connection: Keep-Alive
2018-03-20 13:14:01,510 DEBUG [Forwarding newSession on session null to remote] headers:136 - http-outgoing-0 >> User-Agent: Apache-HttpClient/4.5.3 (Java/1.8.0_101)
2018-03-20 13:14:01,510 DEBUG [Forwarding newSession on session null to remote] headers:136 - http-outgoing-0 >> Accept-Encoding: gzip,deflate
2018-03-20 13:14:01,511 DEBUG [Forwarding newSession on session null to remote] wire:73 - http-outgoing-0 >> "POST /session HTTP/1.1[\r][\n]"
2018-03-20 13:14:01,511 DEBUG [Forwarding newSession on session null to remote] wire:73 - http-outgoing-0 >> "Content-Type: application/json; charset=utf-8[\r][\n]"
2018-03-20 13:14:01,512 DEBUG [Forwarding newSession on session null to remote] wire:73 - http-outgoing-0 >> "Content-Length: 335[\r][\n]"
2018-03-20 13:14:01,512 DEBUG [Forwarding newSession on session null to remote] wire:73 - http-outgoing-0 >> "Host: localhost:13874[\r][\n]"
2018-03-20 13:14:01,513 DEBUG [Forwarding newSession on session null to remote] wire:73 - http-outgoing-0 >> "Connection: Keep-Alive[\r][\n]"
2018-03-20 13:14:01,513 DEBUG [Forwarding newSession on session null to remote] wire:73 - http-outgoing-0 >> "User-Agent: Apache-HttpClient/4.5.3 (Java/1.8.0_101)[\r][\n]"
2018-03-20 13:14:01,513 DEBUG [Forwarding newSession on session null to remote] wire:73 - http-outgoing-0 >> "Accept-Encoding: gzip,deflate[\r][\n]"
2018-03-20 13:14:01,514 DEBUG [Forwarding newSession on session null to remote] wire:73 - http-outgoing-0 >> "[\r][\n]"
2018-03-20 13:14:01,514 DEBUG [Forwarding newSession on session null to remote] wire:73 - http-outgoing-0 >> "{[\n]"
2018-03-20 13:14:01,515 DEBUG [Forwarding newSession on session null to remote] wire:73 - http-outgoing-0 >> "  "desiredCapabilities": {"browserName":"chrome","goog:chromeOptions":{"args":[],"extensions":[]}},[\n]"
2018-03-20 13:14:01,515 DEBUG [Forwarding newSession on session null to remote] wire:73 - http-outgoing-0 >> "  "capabilities": {[\n]"
2018-03-20 13:14:01,515 DEBUG [Forwarding newSession on session null to remote] wire:73 - http-outgoing-0 >> "    "desiredCapabilities": {"browserName":"chrome","goog:chromeOptions":{"args":[],"extensions":[]}},[\n]"
2018-03-20 13:14:01,516 DEBUG [Forwarding newSession on session null to remote] wire:73 - http-outgoing-0 >> "    "firstMatch": [[\n]"
2018-03-20 13:14:01,516 DEBUG [Forwarding newSession on session null to remote] wire:73 - http-outgoing-0 >> "      {"browserName":"chrome","goog:chromeOptions":{"args":[],"extensions":[]}}[\n]"
2018-03-20 13:14:01,516 DEBUG [Forwarding newSession on session null to remote] wire:73 - http-outgoing-0 >> "    ][\n]"
2018-03-20 13:14:01,517 DEBUG [Forwarding newSession on session null to remote] wire:73 - http-outgoing-0 >> "  }[\n]"
2018-03-20 13:14:01,517 DEBUG [Forwarding newSession on session null to remote] wire:87 - http-outgoing-0 >> "}"
2018-03-20 13:14:04,857 DEBUG [Forwarding newSession on session null to remote] wire:73 - http-outgoing-0 << "HTTP/1.1 200 OK[\r][\n]"
2018-03-20 13:14:04,858 DEBUG [Forwarding newSession on session null to remote] wire:73 - http-outgoing-0 << "Content-Length:332[\r][\n]"
2018-03-20 13:14:04,866 DEBUG [Forwarding newSession on session null to remote] wire:73 - http-outgoing-0 << "Content-Type:application/json; charset=utf-8[\r][\n]"
2018-03-20 13:14:04,867 DEBUG [Forwarding newSession on session null to remote] wire:73 - http-outgoing-0 << "Connection:close[\r][\n]"
2018-03-20 13:14:04,867 DEBUG [Forwarding newSession on session null to remote] wire:73 - http-outgoing-0 << "[\r][\n]"
2018-03-20 13:14:04,871 DEBUG [Forwarding newSession on session null to remote] wire:87 - http-outgoing-0 << "{"sessionId":"b8e8a542565b55a7d0f94c623e9611ea","status":33,"value":{"message":"session not created exception\nfrom disconnected: received Inspector.detached event\n  (Session info: chrome=65.0.3325.162)\n  (Driver info: chromedriver=2.33.506120 (e3e53437346286c0bc2d2dc9aa4915ba81d9023f),platform=Windows NT 6.1.7601 SP1 x86_64)"}}"
2018-03-20 13:14:04,874 DEBUG [Forwarding newSession on session null to remote] headers:122 - http-outgoing-0 << HTTP/1.1 200 OK
2018-03-20 13:14:04,874 DEBUG [Forwarding newSession on session null to remote] headers:125 - http-outgoing-0 << Content-Length:332
2018-03-20 13:14:04,875 DEBUG [Forwarding newSession on session null to remote] headers:125 - http-outgoing-0 << Content-Type:application/json; charset=utf-8
2018-03-20 13:14:04,875 DEBUG [Forwarding newSession on session null to remote] headers:125 - http-outgoing-0 << Connection:close
2018-03-20 13:14:04,882 DEBUG [Forwarding newSession on session null to remote] DefaultManagedHttpClientConnection:79 - http-outgoing-0: Close connection
2018-03-20 13:14:04,882 DEBUG [Forwarding newSession on session null to remote] MainClientExec:104 - Connection discarded
2018-03-20 13:14:04,883 DEBUG [Forwarding newSession on session null to remote] PoolingHttpClientConnectionManager:326 - Connection released: [id: 0][route: {}->http://localhost:13874][total kept alive: 0; route allocated: 0 of 2000; total allocated: 0 of 2000]
